20:33:08  [main] 	Initializing Control Panel
20:33:08  [main] 	Windows Version:  Enterprise  64-bit
20:33:08  [main] 	XAMPP Version: 7.4.2
20:33:08  [main] 	Control Panel Version: 3.2.4  [ Compiled: Jun 5th 2019 ]
20:33:08  [main] 	You are not running with administrator rights! This will work for
20:33:08  [main] 	most application stuff but whenever you do something with services
20:33:08  [main] 	there will be a security dialogue or things will break! So think 
20:33:08  [main] 	about running this application with administrator rights!
20:33:08  [main] 	XAMPP Installation Directory: "c:\xampp\"
20:33:08  [main] 	Checking for prerequisites
20:33:10  [main] 	All prerequisites found
20:33:10  [main] 	Initializing Modules
20:33:10  [main] 	Starting Check-Timer
20:33:10  [main] 	Control Panel Ready
20:54:15  [main] 	Deinitializing Modules
20:54:15  [main] 	Deinitializing Control Panel

08:40:29  [main] 	Initializing Control Panel
08:40:29  [main] 	Windows Version:  Enterprise  64-bit
08:40:29  [main] 	XAMPP Version: 7.4.2
08:40:29  [main] 	Control Panel Version: 3.2.4  [ Compiled: Jun 5th 2019 ]
08:40:29  [main] 	You are not running with administrator rights! This will work for
08:40:29  [main] 	most application stuff but whenever you do something with services
08:40:29  [main] 	there will be a security dialogue or things will break! So think 
08:40:29  [main] 	about running this application with administrator rights!
08:40:29  [main] 	XAMPP Installation Directory: "c:\xampp\"
08:40:29  [main] 	Checking for prerequisites
08:40:30  [main] 	All prerequisites found
08:40:30  [main] 	Initializing Modules
08:40:30  [main] 	Starting Check-Timer
08:40:30  [main] 	Control Panel Ready
08:40:38  [mysql] 	Attempting to start MySQL app...
08:40:38  [mysql] 	Status change detected: running
08:40:39  [Apache] 	Attempting to start Apache app...
08:40:40  [Apache] 	Status change detected: running
10:25:21  [mysql] 	Attempting to stop MySQL app...
10:25:21  [Apache] 	Attempting to stop Apache (PID: 8256)
10:25:21  [Apache] 	Attempting to stop Apache (PID: 2068)
10:25:21  [Apache] 	Status change detected: stopped
10:25:21  [mysql] 	Status change detected: stopped
10:29:52  [main] 	Deinitializing Modules
10:29:52  [main] 	Deinitializing Control Panel

10:56:43  [main] 	Initializing Control Panel
10:56:43  [main] 	Windows Version:  Enterprise  64-bit
10:56:43  [main] 	XAMPP Version: 7.4.2
10:56:43  [main] 	Control Panel Version: 3.2.4  [ Compiled: Jun 5th 2019 ]
10:56:43  [main] 	You are not running with administrator rights! This will work for
10:56:43  [main] 	most application stuff but whenever you do something with services
10:56:43  [main] 	there will be a security dialogue or things will break! So think 
10:56:43  [main] 	about running this application with administrator rights!
10:56:43  [main] 	XAMPP Installation Directory: "c:\xampp\"
10:56:43  [main] 	Checking for prerequisites
10:56:43  [main] 	All prerequisites found
10:56:43  [main] 	Initializing Modules
10:56:44  [main] 	Starting Check-Timer
10:56:44  [main] 	Control Panel Ready
10:56:47  [mysql] 	Attempting to start MySQL app...
10:56:47  [mysql] 	Status change detected: running
10:56:47  [Apache] 	Attempting to start Apache app...
10:56:48  [Apache] 	Status change detected: running
13:31:06  [mysql] 	Attempting to stop MySQL app...
13:31:07  [mysql] 	Status change detected: stopped
13:31:07  [Apache] 	Attempting to stop Apache (PID: 7372)
13:31:07  [Apache] 	Attempting to stop Apache (PID: 8852)
13:31:07  [Apache] 	Status change detected: stopped
15:15:41  [mysql] 	Status change detected: running
15:15:42  [Apache] 	Status change detected: running
16:23:56  [mysql] 	Status change detected: stopped
16:23:57  [Apache] 	Status change detected: stopped
16:44:08  [main] 	Deinitializing Modules
16:44:08  [main] 	Deinitializing Control Panel

07:55:56  [main] 	Initializing Control Panel
07:55:56  [main] 	Windows Version:  Enterprise  64-bit
07:55:56  [main] 	XAMPP Version: 7.4.2
07:55:56  [main] 	Control Panel Version: 3.2.4  [ Compiled: Jun 5th 2019 ]
07:55:56  [main] 	You are not running with administrator rights! This will work for
07:55:56  [main] 	most application stuff but whenever you do something with services
07:55:56  [main] 	there will be a security dialogue or things will break! So think 
07:55:56  [main] 	about running this application with administrator rights!
07:55:56  [main] 	XAMPP Installation Directory: "c:\xampp\"
07:55:56  [main] 	Checking for prerequisites
07:55:57  [main] 	All prerequisites found
07:55:57  [main] 	Initializing Modules
07:55:57  [main] 	Starting Check-Timer
07:55:57  [main] 	Control Panel Ready
07:56:01  [Apache] 	Attempting to start Apache app...
07:56:01  [Apache] 	Status change detected: running
07:56:02  [mysql] 	Attempting to start MySQL app...
07:56:03  [mysql] 	Status change detected: running
09:23:54  [mysql] 	Attempting to stop MySQL app...
09:23:54  [mysql] 	Status change detected: stopped
09:23:54  [Apache] 	Attempting to stop Apache (PID: 9876)
09:23:54  [Apache] 	Attempting to stop Apache (PID: 2236)
09:23:55  [Apache] 	Status change detected: stopped
09:58:43  [main] 	Deinitializing Modules
09:58:43  [main] 	Deinitializing Control Panel

12:16:01  [main] 	Initializing Control Panel
12:16:01  [main] 	Windows Version:  Enterprise  64-bit
12:16:01  [main] 	XAMPP Version: 7.4.2
12:16:01  [main] 	Control Panel Version: 3.2.4  [ Compiled: Jun 5th 2019 ]
12:16:01  [main] 	You are not running with administrator rights! This will work for
12:16:01  [main] 	most application stuff but whenever you do something with services
12:16:01  [main] 	there will be a security dialogue or things will break! So think 
12:16:01  [main] 	about running this application with administrator rights!
12:16:01  [main] 	XAMPP Installation Directory: "c:\xampp\"
12:16:01  [main] 	Checking for prerequisites
12:16:02  [main] 	All prerequisites found
12:16:02  [main] 	Initializing Modules
12:16:02  [main] 	Starting Check-Timer
12:16:02  [main] 	Control Panel Ready
12:16:09  [mysql] 	Attempting to start MySQL app...
12:16:09  [mysql] 	Status change detected: running
12:16:10  [Apache] 	Attempting to start Apache app...
12:16:10  [Apache] 	Status change detected: running
14:11:18  [mysql] 	Attempting to stop MySQL app...
14:11:18  [mysql] 	Status change detected: stopped
14:11:18  [Apache] 	Attempting to stop Apache (PID: 656)
14:11:18  [Apache] 	Attempting to stop Apache (PID: 3784)
14:11:19  [Apache] 	Status change detected: stopped
15:14:31  [main] 	Deinitializing Modules
15:14:31  [main] 	Deinitializing Control Panel

17:43:42  [main] 	Initializing Control Panel
17:43:42  [main] 	Windows Version:  Enterprise  64-bit
17:43:42  [main] 	XAMPP Version: 7.4.2
17:43:42  [main] 	Control Panel Version: 3.2.4  [ Compiled: Jun 5th 2019 ]
17:43:42  [main] 	You are not running with administrator rights! This will work for
17:43:42  [main] 	most application stuff but whenever you do something with services
17:43:42  [main] 	there will be a security dialogue or things will break! So think 
17:43:42  [main] 	about running this application with administrator rights!
17:43:42  [main] 	XAMPP Installation Directory: "c:\xampp\"
17:43:42  [main] 	Checking for prerequisites
17:43:42  [main] 	All prerequisites found
17:43:42  [main] 	Initializing Modules
17:43:42  [main] 	Starting Check-Timer
17:43:42  [main] 	Control Panel Ready
17:43:45  [mysql] 	Attempting to start MySQL app...
17:43:45  [mysql] 	Status change detected: running
17:43:46  [Apache] 	Attempting to start Apache app...
17:43:46  [Apache] 	Status change detected: running
20:02:21  [main] 	Deinitializing Modules
20:02:21  [main] 	Deinitializing Control Panel

13:34:41  [main] 	Initializing Control Panel
13:34:41  [main] 	Windows Version:  Enterprise  64-bit
13:34:41  [main] 	XAMPP Version: 7.4.2
13:34:41  [main] 	Control Panel Version: 3.2.4  [ Compiled: Jun 5th 2019 ]
13:34:41  [main] 	You are not running with administrator rights! This will work for
13:34:41  [main] 	most application stuff but whenever you do something with services
13:34:41  [main] 	there will be a security dialogue or things will break! So think 
13:34:41  [main] 	about running this application with administrator rights!
13:34:41  [main] 	XAMPP Installation Directory: "c:\xampp\"
13:34:41  [main] 	Checking for prerequisites
13:34:42  [main] 	All prerequisites found
13:34:42  [main] 	Initializing Modules
13:34:42  [main] 	Starting Check-Timer
13:34:42  [main] 	Control Panel Ready
13:34:45  [Apache] 	Attempting to start Apache app...
13:34:46  [Apache] 	Status change detected: running
13:34:46  [mysql] 	Attempting to start MySQL app...
13:34:46  [mysql] 	Status change detected: running
13:53:05  [mysql] 	Attempting to stop MySQL app...
13:53:06  [mysql] 	Status change detected: stopped
13:53:06  [Apache] 	Attempting to stop Apache (PID: 9944)
13:53:06  [Apache] 	Attempting to stop Apache (PID: 4040)
13:53:07  [Apache] 	Status change detected: stopped
13:53:28  [main] 	Deinitializing Modules
13:53:28  [main] 	Deinitializing Control Panel

17:22:16  [main] 	Initializing Control Panel
17:22:16  [main] 	Windows Version:  Enterprise  64-bit
17:22:16  [main] 	XAMPP Version: 7.4.2
17:22:16  [main] 	Control Panel Version: 3.2.4  [ Compiled: Jun 5th 2019 ]
17:22:16  [main] 	You are not running with administrator rights! This will work for
17:22:16  [main] 	most application stuff but whenever you do something with services
17:22:16  [main] 	there will be a security dialogue or things will break! So think 
17:22:16  [main] 	about running this application with administrator rights!
17:22:16  [main] 	XAMPP Installation Directory: "c:\xampp\"
17:22:16  [main] 	Checking for prerequisites
17:22:17  [main] 	All prerequisites found
17:22:17  [main] 	Initializing Modules
17:22:17  [main] 	Starting Check-Timer
17:22:17  [main] 	Control Panel Ready
17:22:19  [mysql] 	Attempting to start MySQL app...
17:22:19  [mysql] 	Status change detected: running
17:22:20  [Apache] 	Attempting to start Apache app...
17:22:20  [Apache] 	Status change detected: running
17:49:45  [mysql] 	Attempting to stop MySQL app...
17:49:45  [mysql] 	Status change detected: stopped
17:49:46  [Apache] 	Attempting to stop Apache (PID: 5596)
17:49:46  [Apache] 	Attempting to stop Apache (PID: 11344)
17:49:46  [Apache] 	Status change detected: stopped
20:00:47  [main] 	Deinitializing Modules
20:00:47  [main] 	Deinitializing Control Panel

08:36:49  [main] 	Initializing Control Panel
08:36:49  [main] 	Windows Version:  Enterprise  64-bit
08:36:49  [main] 	XAMPP Version: 7.4.2
08:36:49  [main] 	Control Panel Version: 3.2.4  [ Compiled: Jun 5th 2019 ]
08:36:49  [main] 	You are not running with administrator rights! This will work for
08:36:49  [main] 	most application stuff but whenever you do something with services
08:36:49  [main] 	there will be a security dialogue or things will break! So think 
08:36:49  [main] 	about running this application with administrator rights!
08:36:49  [main] 	XAMPP Installation Directory: "c:\xampp\"
08:36:49  [main] 	Checking for prerequisites
08:36:50  [main] 	All prerequisites found
08:36:50  [main] 	Initializing Modules
08:36:50  [main] 	Starting Check-Timer
08:36:50  [main] 	Control Panel Ready
08:36:52  [mysql] 	Attempting to start MySQL app...
08:36:52  [mysql] 	Status change detected: running
08:36:52  [Apache] 	Attempting to start Apache app...
08:36:53  [Apache] 	Status change detected: running
10:32:19  [mysql] 	Attempting to stop MySQL app...
10:32:19  [mysql] 	Status change detected: stopped
10:32:20  [Apache] 	Attempting to stop Apache (PID: 6280)
10:32:20  [Apache] 	Attempting to stop Apache (PID: 7448)
10:32:20  [Apache] 	Status change detected: stopped
10:32:23  [main] 	Deinitializing Modules
10:32:23  [main] 	Deinitializing Control Panel

11:59:01  [main] 	Initializing Control Panel
11:59:01  [main] 	Windows Version:  Enterprise  64-bit
11:59:01  [main] 	XAMPP Version: 7.4.2
11:59:01  [main] 	Control Panel Version: 3.2.4  [ Compiled: Jun 5th 2019 ]
11:59:01  [main] 	You are not running with administrator rights! This will work for
11:59:01  [main] 	most application stuff but whenever you do something with services
11:59:01  [main] 	there will be a security dialogue or things will break! So think 
11:59:01  [main] 	about running this application with administrator rights!
11:59:01  [main] 	XAMPP Installation Directory: "c:\xampp\"
11:59:01  [main] 	Checking for prerequisites
11:59:02  [main] 	All prerequisites found
11:59:02  [main] 	Initializing Modules
11:59:02  [main] 	Starting Check-Timer
11:59:02  [main] 	Control Panel Ready
11:59:03  [mysql] 	Attempting to start MySQL app...
11:59:04  [Apache] 	Attempting to start Apache app...
11:59:04  [Apache] 	Status change detected: running
11:59:04  [mysql] 	Status change detected: running
12:44:49  [mysql] 	Attempting to stop MySQL app...
12:44:49  [mysql] 	Status change detected: stopped
12:44:50  [Apache] 	Attempting to stop Apache (PID: 7984)
12:44:50  [Apache] 	Attempting to stop Apache (PID: 5336)
12:44:50  [Apache] 	Status change detected: stopped
12:45:20  [main] 	Deinitializing Modules
12:45:20  [main] 	Deinitializing Control Panel

13:58:12  [main] 	Initializing Control Panel
13:58:12  [main] 	Windows Version:  Enterprise  64-bit
13:58:12  [main] 	XAMPP Version: 7.4.2
13:58:12  [main] 	Control Panel Version: 3.2.4  [ Compiled: Jun 5th 2019 ]
13:58:12  [main] 	You are not running with administrator rights! This will work for
13:58:12  [main] 	most application stuff but whenever you do something with services
13:58:12  [main] 	there will be a security dialogue or things will break! So think 
13:58:12  [main] 	about running this application with administrator rights!
13:58:12  [main] 	XAMPP Installation Directory: "c:\xampp\"
13:58:12  [main] 	Checking for prerequisites
13:58:13  [main] 	All prerequisites found
13:58:13  [main] 	Initializing Modules
13:58:13  [main] 	Starting Check-Timer
13:58:13  [main] 	Control Panel Ready
13:58:14  [mysql] 	Attempting to start MySQL app...
13:58:15  [mysql] 	Status change detected: running
13:58:15  [Apache] 	Attempting to start Apache app...
13:58:15  [Apache] 	Status change detected: running
16:30:03  [mysql] 	Attempting to stop MySQL app...
16:30:03  [mysql] 	Status change detected: stopped
16:30:03  [Apache] 	Attempting to stop Apache (PID: 11376)
16:30:03  [Apache] 	Attempting to stop Apache (PID: 3856)
16:30:04  [Apache] 	Status change detected: stopped
22:13:33  [main] 	Deinitializing Modules
22:13:33  [main] 	Deinitializing Control Panel

11:10:31  [main] 	Initializing Control Panel
11:10:31  [main] 	Windows Version:  Enterprise  64-bit
11:10:31  [main] 	XAMPP Version: 7.4.2
11:10:31  [main] 	Control Panel Version: 3.2.4  [ Compiled: Jun 5th 2019 ]
11:10:31  [main] 	You are not running with administrator rights! This will work for
11:10:31  [main] 	most application stuff but whenever you do something with services
11:10:31  [main] 	there will be a security dialogue or things will break! So think 
11:10:31  [main] 	about running this application with administrator rights!
11:10:31  [main] 	XAMPP Installation Directory: "c:\xampp\"
11:10:31  [main] 	Checking for prerequisites
11:10:32  [main] 	All prerequisites found
11:10:32  [main] 	Initializing Modules
11:10:32  [main] 	Starting Check-Timer
11:10:32  [main] 	Control Panel Ready
11:10:34  [mysql] 	Attempting to start MySQL app...
11:10:34  [mysql] 	Status change detected: running
11:10:35  [Apache] 	Attempting to start Apache app...
11:10:35  [Apache] 	Status change detected: running
12:52:57  [mysql] 	Attempting to stop MySQL app...
12:52:57  [mysql] 	Status change detected: stopped
12:52:57  [Apache] 	Attempting to stop Apache (PID: 9312)
12:52:57  [Apache] 	Attempting to stop Apache (PID: 4140)
12:52:57  [Apache] 	Status change detected: stopped
12:54:16  [main] 	Deinitializing Modules
12:54:16  [main] 	Deinitializing Control Panel

19:17:04  [main] 	Initializing Control Panel
19:17:04  [main] 	Windows Version:  Enterprise  64-bit
19:17:04  [main] 	XAMPP Version: 7.4.2
19:17:04  [main] 	Control Panel Version: 3.2.4  [ Compiled: Jun 5th 2019 ]
19:17:04  [main] 	You are not running with administrator rights! This will work for
19:17:04  [main] 	most application stuff but whenever you do something with services
19:17:04  [main] 	there will be a security dialogue or things will break! So think 
19:17:04  [main] 	about running this application with administrator rights!
19:17:04  [main] 	XAMPP Installation Directory: "c:\xampp\"
19:17:04  [main] 	Checking for prerequisites
19:17:05  [main] 	All prerequisites found
19:17:05  [main] 	Initializing Modules
19:17:05  [main] 	Starting Check-Timer
19:17:05  [main] 	Control Panel Ready
19:17:07  [mysql] 	Attempting to start MySQL app...
19:17:08  [mysql] 	Status change detected: running
19:17:08  [Apache] 	Attempting to start Apache app...
19:17:09  [Apache] 	Status change detected: running
19:17:45  [Apache] 	Attempting to stop Apache (PID: 4564)
19:17:45  [Apache] 	Attempting to stop Apache (PID: 8720)
19:17:46  [Apache] 	Status change detected: stopped
19:17:48  [mysql] 	Attempting to stop MySQL app...
19:17:48  [mysql] 	Status change detected: stopped
21:10:09  [main] 	Deinitializing Modules
21:10:09  [main] 	Deinitializing Control Panel

12:02:59  [main] 	Initializing Control Panel
12:02:59  [main] 	Windows Version:  Enterprise  64-bit
12:02:59  [main] 	XAMPP Version: 7.4.2
12:02:59  [main] 	Control Panel Version: 3.2.4  [ Compiled: Jun 5th 2019 ]
12:02:59  [main] 	You are not running with administrator rights! This will work for
12:02:59  [main] 	most application stuff but whenever you do something with services
12:02:59  [main] 	there will be a security dialogue or things will break! So think 
12:02:59  [main] 	about running this application with administrator rights!
12:02:59  [main] 	XAMPP Installation Directory: "c:\xampp\"
12:02:59  [main] 	Checking for prerequisites
12:03:01  [main] 	All prerequisites found
12:03:01  [main] 	Initializing Modules
12:03:01  [main] 	Starting Check-Timer
12:03:01  [main] 	Control Panel Ready
12:03:02  [mysql] 	Attempting to start MySQL app...
12:03:03  [mysql] 	Status change detected: running
12:03:03  [Apache] 	Attempting to start Apache app...
12:03:03  [Apache] 	Status change detected: running
12:47:47  [mysql] 	Attempting to stop MySQL app...
12:47:47  [mysql] 	Status change detected: stopped
12:47:47  [Apache] 	Attempting to stop Apache (PID: 11512)
12:47:47  [Apache] 	Attempting to stop Apache (PID: 8980)
12:47:48  [Apache] 	Status change detected: stopped
12:49:54  [main] 	Deinitializing Modules
12:49:54  [main] 	Deinitializing Control Panel

10:13:15  [main] 	Initializing Control Panel
10:13:15  [main] 	Windows Version:  Enterprise  64-bit
10:13:15  [main] 	XAMPP Version: 7.4.2
10:13:15  [main] 	Control Panel Version: 3.2.4  [ Compiled: Jun 5th 2019 ]
10:13:15  [main] 	You are not running with administrator rights! This will work for
10:13:15  [main] 	most application stuff but whenever you do something with services
10:13:15  [main] 	there will be a security dialogue or things will break! So think 
10:13:15  [main] 	about running this application with administrator rights!
10:13:15  [main] 	XAMPP Installation Directory: "c:\xampp\"
10:13:15  [main] 	Checking for prerequisites
10:13:16  [main] 	All prerequisites found
10:13:16  [main] 	Initializing Modules
10:13:16  [main] 	Starting Check-Timer
10:13:16  [main] 	Control Panel Ready
10:13:18  [mysql] 	Attempting to start MySQL app...
10:13:18  [mysql] 	Status change detected: running
10:13:19  [Apache] 	Attempting to start Apache app...
10:13:19  [Apache] 	Status change detected: running
11:40:02  [mysql] 	Attempting to stop MySQL app...
11:40:02  [mysql] 	Status change detected: stopped
11:40:03  [Apache] 	Attempting to stop Apache (PID: 2292)
11:40:03  [Apache] 	Attempting to stop Apache (PID: 10748)
11:40:03  [Apache] 	Status change detected: stopped
11:40:30  [main] 	Deinitializing Modules
11:40:30  [main] 	Deinitializing Control Panel

19:13:39  [main] 	Initializing Control Panel
19:13:39  [main] 	Windows Version:  Enterprise  64-bit
19:13:39  [main] 	XAMPP Version: 7.4.2
19:13:39  [main] 	Control Panel Version: 3.2.4  [ Compiled: Jun 5th 2019 ]
19:13:39  [main] 	You are not running with administrator rights! This will work for
19:13:39  [main] 	most application stuff but whenever you do something with services
19:13:39  [main] 	there will be a security dialogue or things will break! So think 
19:13:39  [main] 	about running this application with administrator rights!
19:13:39  [main] 	XAMPP Installation Directory: "c:\xampp\"
19:13:39  [main] 	Checking for prerequisites
19:13:41  [main] 	All prerequisites found
19:13:41  [main] 	Initializing Modules
19:13:41  [main] 	Starting Check-Timer
19:13:41  [main] 	Control Panel Ready
19:13:56  [Apache] 	Attempting to start Apache app...
19:13:56  [Apache] 	Status change detected: running
19:13:58  [mysql] 	Attempting to start MySQL app...
19:13:58  [mysql] 	Status change detected: running
20:58:26  [mysql] 	Attempting to stop MySQL app...
20:58:27  [mysql] 	Status change detected: stopped
20:58:27  [Apache] 	Attempting to stop Apache (PID: 4276)
20:58:27  [Apache] 	Attempting to stop Apache (PID: 12692)
20:58:28  [Apache] 	Status change detected: stopped
20:58:52  [main] 	Deinitializing Modules
20:58:52  [main] 	Deinitializing Control Panel

09:04:21  [main] 	Initializing Control Panel
09:04:21  [main] 	Windows Version:  Enterprise  64-bit
09:04:21  [main] 	XAMPP Version: 7.4.2
09:04:21  [main] 	Control Panel Version: 3.2.4  [ Compiled: Jun 5th 2019 ]
09:04:21  [main] 	You are not running with administrator rights! This will work for
09:04:21  [main] 	most application stuff but whenever you do something with services
09:04:21  [main] 	there will be a security dialogue or things will break! So think 
09:04:21  [main] 	about running this application with administrator rights!
09:04:21  [main] 	XAMPP Installation Directory: "c:\xampp\"
09:04:21  [main] 	Checking for prerequisites
09:04:22  [main] 	All prerequisites found
09:04:22  [main] 	Initializing Modules
09:04:22  [main] 	Starting Check-Timer
09:04:22  [main] 	Control Panel Ready
09:04:24  [Apache] 	Attempting to start Apache app...
09:04:24  [Apache] 	Status change detected: running
09:04:25  [mysql] 	Attempting to start MySQL app...
09:04:25  [mysql] 	Status change detected: running
10:33:22  [mysql] 	Attempting to stop MySQL app...
10:33:22  [mysql] 	Status change detected: stopped
10:33:23  [Apache] 	Attempting to stop Apache (PID: 3740)
10:33:23  [Apache] 	Attempting to stop Apache (PID: 7656)
10:33:23  [Apache] 	Status change detected: stopped
16:00:07  [main] 	Deinitializing Modules
16:00:07  [main] 	Deinitializing Control Panel

10:06:51  [main] 	Initializing Control Panel
10:06:51  [main] 	Windows Version:  Enterprise  64-bit
10:06:51  [main] 	XAMPP Version: 7.4.2
10:06:51  [main] 	Control Panel Version: 3.2.4  [ Compiled: Jun 5th 2019 ]
10:06:51  [main] 	You are not running with administrator rights! This will work for
10:06:51  [main] 	most application stuff but whenever you do something with services
10:06:51  [main] 	there will be a security dialogue or things will break! So think 
10:06:51  [main] 	about running this application with administrator rights!
10:06:51  [main] 	XAMPP Installation Directory: "c:\xampp\"
10:06:51  [main] 	Checking for prerequisites
10:06:53  [main] 	All prerequisites found
10:06:53  [main] 	Initializing Modules
10:06:53  [main] 	Starting Check-Timer
10:06:53  [main] 	Control Panel Ready
10:06:56  [mysql] 	Attempting to start MySQL app...
10:06:56  [mysql] 	Status change detected: running
10:06:57  [Apache] 	Attempting to start Apache app...
10:06:57  [Apache] 	Status change detected: running
12:28:29  [mysql] 	Attempting to stop MySQL app...
12:28:29  [mysql] 	Status change detected: stopped
12:28:31  [Apache] 	Attempting to stop Apache (PID: 9404)
12:28:31  [Apache] 	Attempting to stop Apache (PID: 8856)
12:28:31  [Apache] 	Status change detected: stopped
15:46:23  [main] 	Deinitializing Modules
15:46:23  [main] 	Deinitializing Control Panel

19:09:41  [main] 	Initializing Control Panel
19:09:41  [main] 	Windows Version:  Enterprise  64-bit
19:09:42  [main] 	XAMPP Version: 7.4.2
19:09:42  [main] 	Control Panel Version: 3.2.4  [ Compiled: Jun 5th 2019 ]
19:09:42  [main] 	You are not running with administrator rights! This will work for
19:09:42  [main] 	most application stuff but whenever you do something with services
19:09:42  [main] 	there will be a security dialogue or things will break! So think 
19:09:42  [main] 	about running this application with administrator rights!
19:09:42  [main] 	XAMPP Installation Directory: "c:\xampp\"
19:09:42  [main] 	Checking for prerequisites
19:09:43  [main] 	All prerequisites found
19:09:43  [main] 	Initializing Modules
19:09:43  [main] 	Starting Check-Timer
19:09:43  [main] 	Control Panel Ready
19:09:46  [mysql] 	Attempting to start MySQL app...
19:09:46  [mysql] 	Status change detected: running
19:09:47  [Apache] 	Attempting to start Apache app...
19:09:47  [Apache] 	Status change detected: running
20:58:09  [main] 	Deinitializing Modules
20:58:09  [main] 	Deinitializing Control Panel

09:39:10  [main] 	Initializing Control Panel
09:39:10  [main] 	Windows Version:  Enterprise  64-bit
09:39:10  [main] 	XAMPP Version: 7.4.2
09:39:10  [main] 	Control Panel Version: 3.2.4  [ Compiled: Jun 5th 2019 ]
09:39:10  [main] 	You are not running with administrator rights! This will work for
09:39:10  [main] 	most application stuff but whenever you do something with services
09:39:10  [main] 	there will be a security dialogue or things will break! So think 
09:39:10  [main] 	about running this application with administrator rights!
09:39:10  [main] 	XAMPP Installation Directory: "c:\xampp\"
09:39:10  [main] 	Checking for prerequisites
09:39:11  [main] 	All prerequisites found
09:39:11  [main] 	Initializing Modules
09:39:11  [main] 	Starting Check-Timer
09:39:11  [main] 	Control Panel Ready
09:39:13  [mysql] 	Attempting to start MySQL app...
09:39:14  [mysql] 	Status change detected: running
09:39:14  [Apache] 	Attempting to start Apache app...
09:39:15  [Apache] 	Status change detected: running
11:17:45  [mysql] 	Attempting to stop MySQL app...
11:17:45  [mysql] 	Status change detected: stopped
11:17:46  [Apache] 	Attempting to stop Apache (PID: 6000)
11:17:46  [Apache] 	Attempting to stop Apache (PID: 14084)
11:17:46  [Apache] 	Status change detected: stopped
11:28:32  [main] 	Deinitializing Modules
11:28:32  [main] 	Deinitializing Control Panel

19:26:20  [main] 	Initializing Control Panel
19:26:20  [main] 	Windows Version:  Enterprise  64-bit
19:26:20  [main] 	XAMPP Version: 7.4.2
19:26:20  [main] 	Control Panel Version: 3.2.4  [ Compiled: Jun 5th 2019 ]
19:26:20  [main] 	You are not running with administrator rights! This will work for
19:26:20  [main] 	most application stuff but whenever you do something with services
19:26:20  [main] 	there will be a security dialogue or things will break! So think 
19:26:20  [main] 	about running this application with administrator rights!
19:26:20  [main] 	XAMPP Installation Directory: "c:\xampp\"
19:26:20  [main] 	Checking for prerequisites
19:26:21  [main] 	All prerequisites found
19:26:21  [main] 	Initializing Modules
19:26:21  [main] 	Starting Check-Timer
19:26:21  [main] 	Control Panel Ready
19:26:27  [mysql] 	Attempting to start MySQL app...
19:26:27  [mysql] 	Status change detected: running
19:26:28  [Apache] 	Attempting to start Apache app...
19:26:28  [Apache] 	Status change detected: running
20:06:09  [mysql] 	Attempting to stop MySQL app...
20:06:09  [mysql] 	Status change detected: stopped
20:06:11  [Apache] 	Attempting to stop Apache (PID: 17636)
20:06:11  [Apache] 	Attempting to stop Apache (PID: 8304)
20:06:11  [Apache] 	Status change detected: stopped
21:11:55  [main] 	Deinitializing Modules
21:11:55  [main] 	Deinitializing Control Panel

19:35:20  [main] 	Initializing Control Panel
19:35:20  [main] 	Windows Version:  Enterprise  64-bit
19:35:20  [main] 	XAMPP Version: 7.4.2
19:35:20  [main] 	Control Panel Version: 3.2.4  [ Compiled: Jun 5th 2019 ]
19:35:20  [main] 	You are not running with administrator rights! This will work for
19:35:20  [main] 	most application stuff but whenever you do something with services
19:35:20  [main] 	there will be a security dialogue or things will break! So think 
19:35:20  [main] 	about running this application with administrator rights!
19:35:20  [main] 	XAMPP Installation Directory: "c:\xampp\"
19:35:20  [main] 	Checking for prerequisites
19:35:22  [main] 	All prerequisites found
19:35:22  [main] 	Initializing Modules
19:35:22  [main] 	Starting Check-Timer
19:35:22  [main] 	Control Panel Ready
19:35:24  [mysql] 	Attempting to start MySQL app...
19:35:24  [mysql] 	Status change detected: running
19:35:25  [Apache] 	Attempting to start Apache app...
19:35:25  [Apache] 	Status change detected: running
21:18:16  [mysql] 	Attempting to stop MySQL app...
21:18:17  [mysql] 	Status change detected: stopped
21:18:17  [Apache] 	Attempting to stop Apache (PID: 1348)
21:18:17  [Apache] 	Attempting to stop Apache (PID: 10660)
21:18:17  [Apache] 	Status change detected: stopped
21:18:45  [main] 	Deinitializing Modules
21:18:45  [main] 	Deinitializing Control Panel

09:09:43  [main] 	Initializing Control Panel
09:09:43  [main] 	Windows Version:  Enterprise  64-bit
09:09:43  [main] 	XAMPP Version: 7.4.2
09:09:43  [main] 	Control Panel Version: 3.2.4  [ Compiled: Jun 5th 2019 ]
09:09:43  [main] 	You are not running with administrator rights! This will work for
09:09:43  [main] 	most application stuff but whenever you do something with services
09:09:43  [main] 	there will be a security dialogue or things will break! So think 
09:09:43  [main] 	about running this application with administrator rights!
09:09:43  [main] 	XAMPP Installation Directory: "c:\xampp\"
09:09:43  [main] 	Checking for prerequisites
09:09:44  [main] 	All prerequisites found
09:09:44  [main] 	Initializing Modules
09:09:44  [main] 	Starting Check-Timer
09:09:44  [main] 	Control Panel Ready
09:09:46  [mysql] 	Attempting to start MySQL app...
09:09:46  [mysql] 	Status change detected: running
09:09:47  [Apache] 	Attempting to start Apache app...
09:09:47  [Apache] 	Status change detected: running
09:48:01  [main] 	Deinitializing Modules
09:48:01  [main] 	Deinitializing Control Panel

11:28:02  [main] 	Initializing Control Panel
11:28:02  [main] 	Windows Version:  Enterprise  64-bit
11:28:02  [main] 	XAMPP Version: 7.4.2
11:28:02  [main] 	Control Panel Version: 3.2.4  [ Compiled: Jun 5th 2019 ]
11:28:02  [main] 	You are not running with administrator rights! This will work for
11:28:02  [main] 	most application stuff but whenever you do something with services
11:28:02  [main] 	there will be a security dialogue or things will break! So think 
11:28:02  [main] 	about running this application with administrator rights!
11:28:02  [main] 	XAMPP Installation Directory: "c:\xampp\"
11:28:03  [main] 	Checking for prerequisites
11:28:05  [main] 	All prerequisites found
11:28:05  [main] 	Initializing Modules
11:28:05  [main] 	Starting Check-Timer
11:28:05  [main] 	Control Panel Ready
11:28:10  [mysql] 	Attempting to start MySQL app...
11:28:11  [mysql] 	Status change detected: running
11:28:11  [Apache] 	Attempting to start Apache app...
11:28:12  [Apache] 	Status change detected: running
12:36:30  [mysql] 	Attempting to stop MySQL app...
12:36:30  [mysql] 	Status change detected: stopped
12:36:31  [Apache] 	Attempting to stop Apache (PID: 1116)
12:36:31  [Apache] 	Attempting to stop Apache (PID: 13068)
12:36:32  [Apache] 	Status change detected: stopped
19:54:12  [main] 	Deinitializing Modules
19:54:12  [main] 	Deinitializing Control Panel

08:06:16  [main] 	Initializing Control Panel
08:06:16  [main] 	Windows Version:  Enterprise  64-bit
08:06:16  [main] 	XAMPP Version: 7.4.2
08:06:16  [main] 	Control Panel Version: 3.2.4  [ Compiled: Jun 5th 2019 ]
08:06:16  [main] 	You are not running with administrator rights! This will work for
08:06:16  [main] 	most application stuff but whenever you do something with services
08:06:16  [main] 	there will be a security dialogue or things will break! So think 
08:06:16  [main] 	about running this application with administrator rights!
08:06:16  [main] 	XAMPP Installation Directory: "c:\xampp\"
08:06:16  [main] 	Checking for prerequisites
08:06:17  [main] 	All prerequisites found
08:06:17  [main] 	Initializing Modules
08:06:18  [main] 	Starting Check-Timer
08:06:18  [main] 	Control Panel Ready
08:06:50  [mysql] 	Attempting to start MySQL app...
08:06:50  [mysql] 	Status change detected: running
08:06:51  [Apache] 	Attempting to start Apache app...
08:06:52  [Apache] 	Status change detected: running
08:56:38  [Apache] 	Attempting to stop Apache (PID: 16080)
08:56:38  [Apache] 	Attempting to stop Apache (PID: 2512)
08:56:38  [Apache] 	Status change detected: stopped
08:56:45  [Apache] 	Attempting to start Apache app...
08:56:45  [Apache] 	Status change detected: running
08:58:58  [Apache] 	Attempting to stop Apache (PID: 1112)
08:58:58  [Apache] 	Attempting to stop Apache (PID: 10692)
08:58:58  [Apache] 	Status change detected: stopped
08:58:59  [mysql] 	Attempting to stop MySQL app...
08:58:59  [mysql] 	Status change detected: stopped
08:59:00  [mysql] 	Attempting to start MySQL app...
08:59:01  [mysql] 	Status change detected: running
08:59:01  [Apache] 	Attempting to start Apache app...
08:59:02  [Apache] 	Status change detected: running
09:02:49  [mysql] 	Status change detected: stopped
09:02:49  [mysql] 	Error: MySQL shutdown unexpectedly.
09:02:49  [mysql] 	This may be due to a blocked port, missing dependencies, 
09:02:49  [mysql] 	improper privileges, a crash, or a shutdown by another method.
09:02:49  [mysql] 	Press the Logs button to view error logs and check
09:02:49  [mysql] 	the Windows Event Viewer for more clues
09:02:49  [mysql] 	If you need more help, copy and post this
09:02:49  [mysql] 	entire log window on the forums
09:02:51  [Apache] 	Status change detected: stopped
09:02:51  [Apache] 	Error: Apache shutdown unexpectedly.
09:02:51  [Apache] 	This may be due to a blocked port, missing dependencies, 
09:02:51  [Apache] 	improper privileges, a crash, or a shutdown by another method.
09:02:51  [Apache] 	Press the Logs button to view error logs and check
09:02:51  [Apache] 	the Windows Event Viewer for more clues
09:02:51  [Apache] 	If you need more help, copy and post this
09:02:51  [Apache] 	entire log window on the forums
09:02:52  [mysql] 	Status change detected: running
09:02:53  [Apache] 	Status change detected: running
09:02:54  [Apache] 	Status change detected: stopped
09:02:54  [Apache] 	Error: Apache shutdown unexpectedly.
09:02:54  [Apache] 	This may be due to a blocked port, missing dependencies, 
09:02:54  [Apache] 	improper privileges, a crash, or a shutdown by another method.
09:02:54  [Apache] 	Press the Logs button to view error logs and check
09:02:54  [Apache] 	the Windows Event Viewer for more clues
09:02:54  [Apache] 	If you need more help, copy and post this
09:02:54  [Apache] 	entire log window on the forums
09:03:24  [Apache] 	Status change detected: running
09:03:26  [Apache] 	Status change detected: stopped
09:03:26  [Apache] 	Error: Apache shutdown unexpectedly.
09:03:26  [Apache] 	This may be due to a blocked port, missing dependencies, 
09:03:26  [Apache] 	improper privileges, a crash, or a shutdown by another method.
09:03:26  [Apache] 	Press the Logs button to view error logs and check
09:03:26  [Apache] 	the Windows Event Viewer for more clues
09:03:26  [Apache] 	If you need more help, copy and post this
09:03:26  [Apache] 	entire log window on the forums
09:05:21  [Apache] 	Status change detected: running
09:10:39  [Apache] 	Status change detected: stopped
09:10:39  [Apache] 	Error: Apache shutdown unexpectedly.
09:10:39  [Apache] 	This may be due to a blocked port, missing dependencies, 
09:10:39  [Apache] 	improper privileges, a crash, or a shutdown by another method.
09:10:39  [Apache] 	Press the Logs button to view error logs and check
09:10:39  [Apache] 	the Windows Event Viewer for more clues
09:10:39  [Apache] 	If you need more help, copy and post this
09:10:39  [Apache] 	entire log window on the forums
09:10:42  [Apache] 	Status change detected: running
09:23:49  [Apache] 	Status change detected: stopped
09:23:49  [Apache] 	Error: Apache shutdown unexpectedly.
09:23:49  [Apache] 	This may be due to a blocked port, missing dependencies, 
09:23:49  [Apache] 	improper privileges, a crash, or a shutdown by another method.
09:23:49  [Apache] 	Press the Logs button to view error logs and check
09:23:49  [Apache] 	the Windows Event Viewer for more clues
09:23:49  [Apache] 	If you need more help, copy and post this
09:23:49  [Apache] 	entire log window on the forums
09:23:50  [mysql] 	Status change detected: stopped
09:23:50  [mysql] 	Error: MySQL shutdown unexpectedly.
09:23:50  [mysql] 	This may be due to a blocked port, missing dependencies, 
09:23:50  [mysql] 	improper privileges, a crash, or a shutdown by another method.
09:23:50  [mysql] 	Press the Logs button to view error logs and check
09:23:50  [mysql] 	the Windows Event Viewer for more clues
09:23:50  [mysql] 	If you need more help, copy and post this
09:23:50  [mysql] 	entire log window on the forums
11:41:48  [mysql] 	Status change detected: running
11:41:49  [Apache] 	Status change detected: running
14:44:14  [mysql] 	Status change detected: stopped
14:44:14  [mysql] 	Error: MySQL shutdown unexpectedly.
14:44:14  [mysql] 	This may be due to a blocked port, missing dependencies, 
14:44:14  [mysql] 	improper privileges, a crash, or a shutdown by another method.
14:44:14  [mysql] 	Press the Logs button to view error logs and check
14:44:14  [mysql] 	the Windows Event Viewer for more clues
14:44:14  [mysql] 	If you need more help, copy and post this
14:44:14  [mysql] 	entire log window on the forums
14:44:15  [Apache] 	Status change detected: stopped
14:44:15  [Apache] 	Error: Apache shutdown unexpectedly.
14:44:15  [Apache] 	This may be due to a blocked port, missing dependencies, 
14:44:15  [Apache] 	improper privileges, a crash, or a shutdown by another method.
14:44:15  [Apache] 	Press the Logs button to view error logs and check
14:44:15  [Apache] 	the Windows Event Viewer for more clues
14:44:15  [Apache] 	If you need more help, copy and post this
14:44:15  [Apache] 	entire log window on the forums
20:54:39  [main] 	Deinitializing Modules
20:54:39  [main] 	Deinitializing Control Panel

09:22:03  [main] 	Initializing Control Panel
09:22:03  [main] 	Windows Version:  Enterprise  64-bit
09:22:03  [main] 	XAMPP Version: 7.4.2
09:22:03  [main] 	Control Panel Version: 3.2.4  [ Compiled: Jun 5th 2019 ]
09:22:03  [main] 	You are not running with administrator rights! This will work for
09:22:03  [main] 	most application stuff but whenever you do something with services
09:22:03  [main] 	there will be a security dialogue or things will break! So think 
09:22:03  [main] 	about running this application with administrator rights!
09:22:03  [main] 	XAMPP Installation Directory: "c:\xampp\"
09:22:03  [main] 	Checking for prerequisites
09:22:04  [main] 	All prerequisites found
09:22:04  [main] 	Initializing Modules
09:22:04  [Apache] 	XAMPP Apache is already running on port 80
09:22:04  [Apache] 	XAMPP Apache is already running on port 443
09:22:04  [mysql] 	XAMPP MySQL is already running on port 3306
09:22:04  [main] 	Starting Check-Timer
09:22:04  [main] 	Control Panel Ready
09:22:28  [main] 	Executing "services.msc"
09:23:34  [main] 	Executing "c:\xampp\apache"
09:23:49  [Apache] 	Attempting to stop Apache (PID: 3444)
09:23:49  [Apache] 	Attempting to stop Apache (PID: 12880)
09:23:49  [Apache] 	Status change detected: stopped
09:23:50  [mysql] 	Attempting to stop MySQL app...
09:23:50  [mysql] 	Status change detected: stopped
11:41:48  [mysql] 	Status change detected: running
11:41:49  [Apache] 	Status change detected: running
14:44:14  [mysql] 	Status change detected: stopped
14:44:15  [Apache] 	Status change detected: stopped
20:54:39  [main] 	Deinitializing Modules
20:54:39  [main] 	Deinitializing Control Panel

08:52:19  [main] 	Initializing Control Panel
08:52:19  [main] 	Windows Version:  Enterprise  64-bit
08:52:19  [main] 	XAMPP Version: 7.4.2
08:52:19  [main] 	Control Panel Version: 3.2.4  [ Compiled: Jun 5th 2019 ]
08:52:19  [main] 	You are not running with administrator rights! This will work for
08:52:19  [main] 	most application stuff but whenever you do something with services
08:52:19  [main] 	there will be a security dialogue or things will break! So think 
08:52:19  [main] 	about running this application with administrator rights!
08:52:19  [main] 	XAMPP Installation Directory: "c:\xampp\"
08:52:19  [main] 	Checking for prerequisites
08:52:20  [main] 	All prerequisites found
08:52:20  [main] 	Initializing Modules
08:52:20  [main] 	Starting Check-Timer
08:52:20  [main] 	Control Panel Ready
08:52:22  [mysql] 	Attempting to start MySQL app...
08:52:22  [mysql] 	Status change detected: running
08:52:22  [Apache] 	Attempting to start Apache app...
08:52:22  [Apache] 	Status change detected: running
19:36:07  [Apache] 	Attempting to stop Apache (PID: 9776)
19:36:07  [Apache] 	Attempting to stop Apache (PID: 4088)
19:36:07  [Apache] 	Status change detected: stopped
19:36:08  [mysql] 	Attempting to stop MySQL app...
19:36:08  [mysql] 	Status change detected: stopped
19:36:17  [main] 	Deinitializing Modules
19:36:17  [main] 	Deinitializing Control Panel

10:01:57  [main] 	Initializing Control Panel
10:01:57  [main] 	Windows Version:  Enterprise  64-bit
10:01:57  [main] 	XAMPP Version: 7.4.2
10:01:57  [main] 	Control Panel Version: 3.2.4  [ Compiled: Jun 5th 2019 ]
10:01:57  [main] 	You are not running with administrator rights! This will work for
10:01:57  [main] 	most application stuff but whenever you do something with services
10:01:57  [main] 	there will be a security dialogue or things will break! So think 
10:01:57  [main] 	about running this application with administrator rights!
10:01:57  [main] 	XAMPP Installation Directory: "c:\xampp\"
10:01:57  [main] 	Checking for prerequisites
10:01:58  [main] 	All prerequisites found
10:01:58  [main] 	Initializing Modules
10:01:58  [main] 	Starting Check-Timer
10:01:58  [main] 	Control Panel Ready
10:02:01  [mysql] 	Attempting to start MySQL app...
10:02:02  [mysql] 	Status change detected: running
10:02:02  [Apache] 	Attempting to start Apache app...
10:02:03  [Apache] 	Status change detected: running
15:52:44  [filezilla] 	Attempting to start FileZilla app...
15:52:44  [filezilla] 	Status change detected: running
15:52:53  [mercury] 	Attempting to start Mercury app...
15:52:53  [mercury] 	Status change detected: running
15:53:00  [Tomcat] 	Attempting to start Tomcat app...
15:53:04  [Tomcat] 	Tomcat Started/Stopped with errors, return code: 1
15:53:04  [Tomcat] 	Make sure you have Java JDK or JRE installed and the required ports are free
15:53:04  [Tomcat] 	Check the "/xampp/tomcat/logs" folder for more information
18:30:55  [main] 	Deinitializing Modules
18:30:55  [main] 	Deinitializing Control Panel

17:25:34  [main] 	Initializing Control Panel
17:25:34  [main] 	Windows Version:  Enterprise  64-bit
17:25:34  [main] 	XAMPP Version: 7.4.2
17:25:34  [main] 	Control Panel Version: 3.2.4  [ Compiled: Jun 5th 2019 ]
17:25:34  [main] 	You are not running with administrator rights! This will work for
17:25:34  [main] 	most application stuff but whenever you do something with services
17:25:34  [main] 	there will be a security dialogue or things will break! So think 
17:25:34  [main] 	about running this application with administrator rights!
17:25:34  [main] 	XAMPP Installation Directory: "c:\xampp\"
17:25:34  [main] 	Checking for prerequisites
17:25:35  [main] 	All prerequisites found
17:25:35  [main] 	Initializing Modules
17:25:35  [main] 	Starting Check-Timer
17:25:35  [main] 	Control Panel Ready
17:25:37  [mysql] 	Attempting to start MySQL app...
17:25:38  [mysql] 	Status change detected: running
17:25:38  [Apache] 	Attempting to start Apache app...
17:25:39  [Apache] 	Status change detected: running
18:23:58  [mysql] 	Attempting to stop MySQL app...
18:23:58  [mysql] 	Status change detected: stopped
18:23:59  [Apache] 	Attempting to stop Apache (PID: 8380)
18:23:59  [Apache] 	Attempting to stop Apache (PID: 9204)
18:24:00  [Apache] 	Status change detected: stopped
19:14:45  [mysql] 	Status change detected: running
19:14:46  [Apache] 	Status change detected: running
19:14:47  [mysql] 	Status change detected: stopped
19:14:48  [Apache] 	Status change detected: stopped
20:01:36  [main] 	Deinitializing Modules
20:01:36  [main] 	Deinitializing Control Panel

08:36:54  [main] 	Initializing Control Panel
08:36:54  [main] 	Windows Version:  Enterprise  64-bit
08:36:54  [main] 	XAMPP Version: 7.4.2
08:36:54  [main] 	Control Panel Version: 3.2.4  [ Compiled: Jun 5th 2019 ]
08:36:54  [main] 	You are not running with administrator rights! This will work for
08:36:54  [main] 	most application stuff but whenever you do something with services
08:36:54  [main] 	there will be a security dialogue or things will break! So think 
08:36:54  [main] 	about running this application with administrator rights!
08:36:54  [main] 	XAMPP Installation Directory: "c:\xampp\"
08:36:54  [main] 	Checking for prerequisites
08:36:55  [main] 	All prerequisites found
08:36:55  [main] 	Initializing Modules
08:36:55  [main] 	Starting Check-Timer
08:36:55  [main] 	Control Panel Ready
08:37:02  [mysql] 	Attempting to start MySQL app...
08:37:03  [mysql] 	Status change detected: running
08:37:03  [Apache] 	Attempting to start Apache app...
08:37:04  [Apache] 	Status change detected: running
11:02:10  [Apache] 	Attempting to stop Apache (PID: 10964)
11:02:10  [Apache] 	Attempting to stop Apache (PID: 9832)
11:02:10  [Apache] 	Status change detected: stopped
11:02:10  [mysql] 	Attempting to stop MySQL app...
11:02:10  [mysql] 	Status change detected: stopped
11:02:22  [main] 	Deinitializing Modules
11:02:22  [main] 	Deinitializing Control Panel

11:21:36  [main] 	Initializing Control Panel
11:21:36  [main] 	Windows Version:  Enterprise  64-bit
11:21:36  [main] 	XAMPP Version: 7.4.2
11:21:36  [main] 	Control Panel Version: 3.2.4  [ Compiled: Jun 5th 2019 ]
11:21:36  [main] 	You are not running with administrator rights! This will work for
11:21:36  [main] 	most application stuff but whenever you do something with services
11:21:36  [main] 	there will be a security dialogue or things will break! So think 
11:21:36  [main] 	about running this application with administrator rights!
11:21:36  [main] 	XAMPP Installation Directory: "c:\xampp\"
11:21:36  [main] 	Checking for prerequisites
11:21:38  [main] 	All prerequisites found
11:21:38  [main] 	Initializing Modules
11:21:38  [main] 	Starting Check-Timer
11:21:38  [main] 	Control Panel Ready
11:21:41  [mysql] 	Attempting to start MySQL app...
11:21:41  [mysql] 	Status change detected: running
11:21:42  [Apache] 	Attempting to start Apache app...
11:21:42  [Apache] 	Status change detected: running
13:51:29  [filezilla] 	Attempting to start FileZilla app...
13:51:30  [filezilla] 	Status change detected: running
19:00:18  [mercury] 	Attempting to start Mercury app...
19:00:19  [mercury] 	Status change detected: running
19:00:19  [mercury] 	Attempting to stop Mercury (PID: 5996)
19:00:19  [mercury] 	Status change detected: stopped
19:00:20  [mercury] 	Attempting to start Mercury app...
19:00:21  [mercury] 	Status change detected: running
19:01:14  [mercury] 	Status change detected: stopped
19:01:14  [mercury] 	Error: Mercury shutdown unexpectedly.
19:01:14  [mercury] 	This may be due to a blocked port, missing dependencies, 
19:01:14  [mercury] 	improper privileges, a crash, or a shutdown by another method.
19:01:14  [mercury] 	Press the Logs button to view error logs and check
19:01:14  [mercury] 	the Windows Event Viewer for more clues
19:01:14  [mercury] 	If you need more help, copy and post this
19:01:14  [mercury] 	entire log window on the forums
19:01:19  [Tomcat] 	Attempting to start Tomcat app...
19:01:23  [Tomcat] 	Tomcat Started/Stopped with errors, return code: 1
19:01:23  [Tomcat] 	Make sure you have Java JDK or JRE installed and the required ports are free
19:01:23  [Tomcat] 	Check the "/xampp/tomcat/logs" folder for more information
19:02:08  [filezilla] 	Attempting to stop FileZilla app...
19:02:08  [filezilla] 	Status change detected: stopped
20:07:28  [main] 	Deinitializing Modules
20:07:28  [main] 	Deinitializing Control Panel

13:36:23  [main] 	Initializing Control Panel
13:36:23  [main] 	Windows Version:  Enterprise  64-bit
13:36:23  [main] 	XAMPP Version: 7.4.2
13:36:23  [main] 	Control Panel Version: 3.2.4  [ Compiled: Jun 5th 2019 ]
13:36:23  [main] 	You are not running with administrator rights! This will work for
13:36:23  [main] 	most application stuff but whenever you do something with services
13:36:23  [main] 	there will be a security dialogue or things will break! So think 
13:36:23  [main] 	about running this application with administrator rights!
13:36:23  [main] 	XAMPP Installation Directory: "c:\xampp\"
13:36:23  [main] 	Checking for prerequisites
13:36:26  [main] 	All prerequisites found
13:36:26  [main] 	Initializing Modules
13:36:26  [main] 	Starting Check-Timer
13:36:26  [main] 	Control Panel Ready
13:36:30  [mysql] 	Attempting to start MySQL app...
13:36:30  [mysql] 	Status change detected: running
13:36:31  [Apache] 	Attempting to start Apache app...
13:36:31  [Apache] 	Status change detected: running
13:46:03  [filezilla] 	Attempting to start FileZilla app...
13:46:04  [filezilla] 	Status change detected: running
13:46:12  [mercury] 	Attempting to start Mercury app...
13:46:12  [mercury] 	Status change detected: running
13:46:49  [Tomcat] 	Attempting to start Tomcat app...
13:46:58  [Tomcat] 	Tomcat Started/Stopped with errors, return code: 1
13:46:58  [Tomcat] 	Make sure you have Java JDK or JRE installed and the required ports are free
13:46:58  [Tomcat] 	Check the "/xampp/tomcat/logs" folder for more information
15:09:44  [mercury] 	Attempting to stop Mercury (PID: 14444)
15:09:44  [mercury] 	Status change detected: stopped
15:09:45  [filezilla] 	Attempting to stop FileZilla app...
15:09:45  [filezilla] 	Status change detected: stopped
15:09:47  [mysql] 	Attempting to stop MySQL app...
15:09:47  [mysql] 	Status change detected: stopped
15:09:48  [Apache] 	Attempting to stop Apache (PID: 14600)
15:09:48  [Apache] 	Attempting to stop Apache (PID: 14616)
15:09:48  [Apache] 	Status change detected: stopped
19:41:52  [main] 	Deinitializing Modules
19:41:52  [main] 	Deinitializing Control Panel

15:33:59  [main] 	Initializing Control Panel
15:33:59  [main] 	Windows Version:  Enterprise  64-bit
15:33:59  [main] 	XAMPP Version: 7.4.2
15:33:59  [main] 	Control Panel Version: 3.2.4  [ Compiled: Jun 5th 2019 ]
15:33:59  [main] 	You are not running with administrator rights! This will work for
15:33:59  [main] 	most application stuff but whenever you do something with services
15:33:59  [main] 	there will be a security dialogue or things will break! So think 
15:33:59  [main] 	about running this application with administrator rights!
15:33:59  [main] 	XAMPP Installation Directory: "c:\xampp\"
15:33:59  [main] 	Checking for prerequisites
15:34:01  [main] 	All prerequisites found
15:34:01  [main] 	Initializing Modules
15:34:01  [main] 	Starting Check-Timer
15:34:01  [main] 	Control Panel Ready
15:34:04  [mysql] 	Attempting to start MySQL app...
15:34:05  [mysql] 	Status change detected: running
15:34:06  [Apache] 	Attempting to start Apache app...
15:34:06  [Apache] 	Status change detected: running
19:00:27  [mysql] 	Attempting to stop MySQL app...
19:00:27  [mysql] 	Status change detected: stopped
19:00:28  [Apache] 	Attempting to stop Apache (PID: 9232)
19:00:28  [Apache] 	Attempting to stop Apache (PID: 5588)
19:00:28  [Apache] 	Status change detected: stopped
19:21:03  [main] 	Deinitializing Modules
19:21:03  [main] 	Deinitializing Control Panel

07:41:29  [main] 	Initializing Control Panel
07:41:29  [main] 	Windows Version:  Enterprise  64-bit
07:41:29  [main] 	XAMPP Version: 7.4.2
07:41:29  [main] 	Control Panel Version: 3.2.4  [ Compiled: Jun 5th 2019 ]
07:41:29  [main] 	You are not running with administrator rights! This will work for
07:41:29  [main] 	most application stuff but whenever you do something with services
07:41:29  [main] 	there will be a security dialogue or things will break! So think 
07:41:29  [main] 	about running this application with administrator rights!
07:41:29  [main] 	XAMPP Installation Directory: "c:\xampp\"
07:41:29  [main] 	Checking for prerequisites
07:41:30  [main] 	All prerequisites found
07:41:30  [main] 	Initializing Modules
07:41:30  [main] 	Starting Check-Timer
07:41:30  [main] 	Control Panel Ready
07:41:33  [mysql] 	Attempting to start MySQL app...
07:41:33  [mysql] 	Status change detected: running
07:41:33  [Apache] 	Attempting to start Apache app...
07:41:33  [Apache] 	Status change detected: running
16:12:04  [mysql] 	Attempting to stop MySQL app...
16:12:05  [mysql] 	Status change detected: stopped
16:12:05  [Apache] 	Attempting to stop Apache (PID: 432)
16:12:05  [Apache] 	Attempting to stop Apache (PID: 7124)
16:12:05  [Apache] 	Status change detected: stopped
18:41:09  [main] 	Deinitializing Modules
18:41:09  [main] 	Deinitializing Control Panel

10:15:13  [main] 	Initializing Control Panel
10:15:13  [main] 	Windows Version:  Enterprise  64-bit
10:15:13  [main] 	XAMPP Version: 7.4.2
10:15:13  [main] 	Control Panel Version: 3.2.4  [ Compiled: Jun 5th 2019 ]
10:15:13  [main] 	You are not running with administrator rights! This will work for
10:15:13  [main] 	most application stuff but whenever you do something with services
10:15:13  [main] 	there will be a security dialogue or things will break! So think 
10:15:13  [main] 	about running this application with administrator rights!
10:15:13  [main] 	XAMPP Installation Directory: "c:\xampp\"
10:15:13  [main] 	Checking for prerequisites
10:15:15  [main] 	All prerequisites found
10:15:15  [main] 	Initializing Modules
10:15:15  [main] 	Starting Check-Timer
10:15:15  [main] 	Control Panel Ready
10:15:37  [Apache] 	Attempting to start Apache app...
10:15:37  [Apache] 	Status change detected: running
10:15:38  [mysql] 	Attempting to start MySQL app...
10:15:39  [mysql] 	Status change detected: running
12:07:31  [mysql] 	Attempting to stop MySQL app...
12:07:31  [mysql] 	Status change detected: stopped
12:07:32  [mysql] 	Attempting to start MySQL app...
12:07:32  [mysql] 	Status change detected: running
12:44:35  [mysql] 	Attempting to stop MySQL app...
12:44:35  [mysql] 	Status change detected: stopped
12:44:35  [Apache] 	Attempting to stop Apache (PID: 6812)
12:44:35  [Apache] 	Attempting to stop Apache (PID: 1392)
12:44:35  [Apache] 	Status change detected: stopped
14:54:17  [main] 	Deinitializing Modules
14:54:17  [main] 	Deinitializing Control Panel

19:57:39  [main] 	Initializing Control Panel
19:57:39  [main] 	Windows Version:  Enterprise  64-bit
19:57:39  [main] 	XAMPP Version: 7.4.2
19:57:39  [main] 	Control Panel Version: 3.2.4  [ Compiled: Jun 5th 2019 ]
19:57:39  [main] 	You are not running with administrator rights! This will work for
19:57:39  [main] 	most application stuff but whenever you do something with services
19:57:39  [main] 	there will be a security dialogue or things will break! So think 
19:57:39  [main] 	about running this application with administrator rights!
19:57:39  [main] 	XAMPP Installation Directory: "c:\xampp\"
19:57:39  [main] 	Checking for prerequisites
19:57:40  [main] 	All prerequisites found
19:57:40  [main] 	Initializing Modules
19:57:40  [main] 	Starting Check-Timer
19:57:40  [main] 	Control Panel Ready
19:57:43  [mysql] 	Attempting to start MySQL app...
19:57:43  [mysql] 	Status change detected: running
19:57:44  [Apache] 	Attempting to start Apache app...
19:57:44  [Apache] 	Status change detected: running
20:26:34  [mysql] 	Attempting to stop MySQL app...
20:26:34  [mysql] 	Status change detected: stopped
20:26:35  [Apache] 	Attempting to stop Apache (PID: 4568)
20:26:35  [Apache] 	Attempting to stop Apache (PID: 9824)
20:26:35  [Apache] 	Status change detected: stopped
20:51:17  [main] 	Deinitializing Modules
20:51:17  [main] 	Deinitializing Control Panel

19:11:08  [main] 	Initializing Control Panel
19:11:08  [main] 	Windows Version:  Enterprise  64-bit
19:11:08  [main] 	XAMPP Version: 7.4.2
19:11:08  [main] 	Control Panel Version: 3.2.4  [ Compiled: Jun 5th 2019 ]
19:11:08  [main] 	You are not running with administrator rights! This will work for
19:11:08  [main] 	most application stuff but whenever you do something with services
19:11:08  [main] 	there will be a security dialogue or things will break! So think 
19:11:08  [main] 	about running this application with administrator rights!
19:11:08  [main] 	XAMPP Installation Directory: "c:\xampp\"
19:11:08  [main] 	Checking for prerequisites
19:11:09  [main] 	All prerequisites found
19:11:09  [main] 	Initializing Modules
19:11:09  [main] 	Starting Check-Timer
19:11:09  [main] 	Control Panel Ready
19:11:11  [mysql] 	Attempting to start MySQL app...
19:11:12  [mysql] 	Status change detected: running
19:11:12  [Apache] 	Attempting to start Apache app...
19:11:13  [Apache] 	Status change detected: running
19:46:15  [Apache] 	Attempting to stop Apache (PID: 6648)
19:46:15  [Apache] 	Attempting to stop Apache (PID: 8960)
19:46:15  [Apache] 	Status change detected: stopped
19:46:17  [mysql] 	Attempting to stop MySQL app...
19:46:17  [mysql] 	Status change detected: stopped
20:06:02  [main] 	Deinitializing Modules
20:06:02  [main] 	Deinitializing Control Panel

15:11:44  [main] 	Initializing Control Panel
15:11:44  [main] 	Windows Version:  Enterprise  64-bit
15:11:44  [main] 	XAMPP Version: 7.4.2
15:11:44  [main] 	Control Panel Version: 3.2.4  [ Compiled: Jun 5th 2019 ]
15:11:44  [main] 	You are not running with administrator rights! This will work for
15:11:44  [main] 	most application stuff but whenever you do something with services
15:11:44  [main] 	there will be a security dialogue or things will break! So think 
15:11:44  [main] 	about running this application with administrator rights!
15:11:44  [main] 	XAMPP Installation Directory: "c:\xampp\"
15:11:44  [main] 	Checking for prerequisites
15:11:45  [main] 	All prerequisites found
15:11:45  [main] 	Initializing Modules
15:11:45  [main] 	Starting Check-Timer
15:11:45  [main] 	Control Panel Ready
15:11:47  [mysql] 	Attempting to start MySQL app...
15:11:48  [mysql] 	Status change detected: running
15:11:48  [Apache] 	Attempting to start Apache app...
15:11:48  [Apache] 	Status change detected: running
15:13:05  [mysql] 	Attempting to stop MySQL app...
15:13:06  [mysql] 	Status change detected: stopped
15:13:06  [Apache] 	Attempting to stop Apache (PID: 10188)
15:13:06  [Apache] 	Attempting to stop Apache (PID: 7220)
15:13:06  [Apache] 	Status change detected: stopped
15:14:56  [mysql] 	Status change detected: running
15:14:57  [Apache] 	Status change detected: running
15:16:05  [mysql] 	Status change detected: stopped
15:16:07  [Apache] 	Status change detected: stopped
15:45:42  [Apache] 	Status change detected: running
15:45:43  [mysql] 	Status change detected: running
17:13:46  [mercury] 	Status change detected: running
17:14:46  [mercury] 	Status change detected: stopped
17:14:46  [mercury] 	Error: Mercury shutdown unexpectedly.
17:14:46  [mercury] 	This may be due to a blocked port, missing dependencies, 
17:14:46  [mercury] 	improper privileges, a crash, or a shutdown by another method.
17:14:46  [mercury] 	Press the Logs button to view error logs and check
17:14:46  [mercury] 	the Windows Event Viewer for more clues
17:14:46  [mercury] 	If you need more help, copy and post this
17:14:46  [mercury] 	entire log window on the forums
17:14:49  [mercury] 	Status change detected: running
17:14:50  [mercury] 	Status change detected: stopped
17:14:50  [mercury] 	Error: Mercury shutdown unexpectedly.
17:14:50  [mercury] 	This may be due to a blocked port, missing dependencies, 
17:14:50  [mercury] 	improper privileges, a crash, or a shutdown by another method.
17:14:50  [mercury] 	Press the Logs button to view error logs and check
17:14:50  [mercury] 	the Windows Event Viewer for more clues
17:14:50  [mercury] 	If you need more help, copy and post this
17:14:50  [mercury] 	entire log window on the forums
18:30:19  [main] 	Deinitializing Modules
18:30:19  [main] 	Deinitializing Control Panel

12:26:52  [main] 	Initializing Control Panel
12:26:52  [main] 	Windows Version:  Enterprise  64-bit
12:26:52  [main] 	XAMPP Version: 7.4.2
12:26:52  [main] 	Control Panel Version: 3.2.4  [ Compiled: Jun 5th 2019 ]
12:26:52  [main] 	You are not running with administrator rights! This will work for
12:26:52  [main] 	most application stuff but whenever you do something with services
12:26:52  [main] 	there will be a security dialogue or things will break! So think 
12:26:52  [main] 	about running this application with administrator rights!
12:26:52  [main] 	XAMPP Installation Directory: "c:\xampp\"
12:26:52  [main] 	Checking for prerequisites
12:26:56  [main] 	All prerequisites found
12:26:56  [main] 	Initializing Modules
12:26:56  [main] 	Starting Check-Timer
12:26:56  [main] 	Control Panel Ready
12:27:30  [mysql] 	Attempting to start MySQL app...
12:27:30  [mysql] 	Status change detected: running
12:27:44  [Apache] 	Attempting to start Apache app...
12:27:45  [Apache] 	Status change detected: running
19:22:45  [main] 	Deinitializing Modules
19:22:45  [main] 	Deinitializing Control Panel

07:53:37  [main] 	Initializing Control Panel
07:53:37  [main] 	Windows Version:  Enterprise  64-bit
07:53:37  [main] 	XAMPP Version: 7.4.2
07:53:37  [main] 	Control Panel Version: 3.2.4  [ Compiled: Jun 5th 2019 ]
07:53:37  [main] 	You are not running with administrator rights! This will work for
07:53:37  [main] 	most application stuff but whenever you do something with services
07:53:37  [main] 	there will be a security dialogue or things will break! So think 
07:53:37  [main] 	about running this application with administrator rights!
07:53:37  [main] 	XAMPP Installation Directory: "c:\xampp\"
07:53:37  [main] 	Checking for prerequisites
07:53:38  [main] 	All prerequisites found
07:53:38  [main] 	Initializing Modules
07:53:38  [main] 	Starting Check-Timer
07:53:38  [main] 	Control Panel Ready
07:53:40  [mysql] 	Attempting to start MySQL app...
07:53:41  [Apache] 	Attempting to start Apache app...
07:53:41  [Apache] 	Status change detected: running
07:53:41  [mysql] 	Status change detected: running
07:56:00  [mysql] 	Attempting to stop MySQL app...
07:56:00  [mysql] 	Status change detected: stopped
07:56:00  [Apache] 	Attempting to stop Apache (PID: 4676)
07:56:00  [Apache] 	Attempting to stop Apache (PID: 10612)
07:56:00  [Apache] 	Status change detected: stopped
08:01:43  [main] 	Deinitializing Modules
08:01:43  [main] 	Deinitializing Control Panel

13:53:59  [main] 	Initializing Control Panel
13:53:59  [main] 	Windows Version:  Enterprise  64-bit
13:53:59  [main] 	XAMPP Version: 7.4.2
13:53:59  [main] 	Control Panel Version: 3.2.4  [ Compiled: Jun 5th 2019 ]
13:53:59  [main] 	You are not running with administrator rights! This will work for
13:53:59  [main] 	most application stuff but whenever you do something with services
13:53:59  [main] 	there will be a security dialogue or things will break! So think 
13:53:59  [main] 	about running this application with administrator rights!
13:53:59  [main] 	XAMPP Installation Directory: "c:\xampp\"
13:53:59  [main] 	Checking for prerequisites
13:54:01  [main] 	All prerequisites found
13:54:01  [main] 	Initializing Modules
13:54:01  [main] 	Starting Check-Timer
13:54:01  [main] 	Control Panel Ready
13:54:04  [mysql] 	Attempting to start MySQL app...
13:54:04  [mysql] 	Status change detected: running
13:54:05  [Apache] 	Attempting to start Apache app...
13:54:05  [Apache] 	Status change detected: running
15:13:09  [mysql] 	Attempting to stop MySQL app...
15:13:09  [Apache] 	Attempting to stop Apache (PID: 1040)
15:13:09  [Apache] 	Attempting to stop Apache (PID: 5148)
15:13:09  [mysql] 	Status change detected: stopped
15:13:10  [Apache] 	Status change detected: stopped
19:42:56  [main] 	Deinitializing Modules
19:42:56  [main] 	Deinitializing Control Panel

14:26:26  [main] 	Initializing Control Panel
14:26:26  [main] 	Windows Version:  Enterprise  64-bit
14:26:26  [main] 	XAMPP Version: 7.4.2
14:26:26  [main] 	Control Panel Version: 3.2.4  [ Compiled: Jun 5th 2019 ]
14:26:26  [main] 	You are not running with administrator rights! This will work for
14:26:26  [main] 	most application stuff but whenever you do something with services
14:26:26  [main] 	there will be a security dialogue or things will break! So think 
14:26:26  [main] 	about running this application with administrator rights!
14:26:26  [main] 	XAMPP Installation Directory: "c:\xampp\"
14:26:26  [main] 	Checking for prerequisites
14:26:27  [main] 	All prerequisites found
14:26:27  [main] 	Initializing Modules
14:26:27  [main] 	Starting Check-Timer
14:26:27  [main] 	Control Panel Ready
14:26:30  [mysql] 	Attempting to start MySQL app...
14:26:30  [mysql] 	Status change detected: running
14:26:31  [Apache] 	Attempting to start Apache app...
14:26:31  [Apache] 	Status change detected: running
14:43:49  [mysql] 	Attempting to stop MySQL app...
14:43:49  [mysql] 	Status change detected: stopped
14:43:49  [Apache] 	Attempting to stop Apache (PID: 11492)
14:43:49  [Apache] 	Attempting to stop Apache (PID: 4272)
14:43:49  [Apache] 	Status change detected: stopped
14:43:56  [main] 	Deinitializing Modules
14:43:56  [main] 	Deinitializing Control Panel

12:38:14  [main] 	Initializing Control Panel
12:38:14  [main] 	Windows Version:  Enterprise  64-bit
12:38:14  [main] 	XAMPP Version: 7.4.2
12:38:14  [main] 	Control Panel Version: 3.2.4  [ Compiled: Jun 5th 2019 ]
12:38:14  [main] 	You are not running with administrator rights! This will work for
12:38:14  [main] 	most application stuff but whenever you do something with services
12:38:14  [main] 	there will be a security dialogue or things will break! So think 
12:38:14  [main] 	about running this application with administrator rights!
12:38:14  [main] 	XAMPP Installation Directory: "c:\xampp\"
12:38:14  [main] 	Checking for prerequisites
12:38:15  [main] 	All prerequisites found
12:38:15  [main] 	Initializing Modules
12:38:15  [main] 	Starting Check-Timer
12:38:15  [main] 	Control Panel Ready
12:38:17  [mysql] 	Attempting to start MySQL app...
12:38:17  [mysql] 	Status change detected: running
12:38:19  [Apache] 	Attempting to start Apache app...
12:38:19  [Apache] 	Status change detected: running
13:22:10  [mysql] 	Attempting to stop MySQL app...
13:22:10  [mysql] 	Status change detected: stopped
13:22:11  [Apache] 	Attempting to stop Apache (PID: 1036)
13:22:11  [Apache] 	Attempting to stop Apache (PID: 6352)
13:22:11  [Apache] 	Status change detected: stopped
14:26:31  [mysql] 	Status change detected: running
14:26:31  [Apache] 	Status change detected: running
14:43:49  [mysql] 	Status change detected: stopped
14:43:49  [Apache] 	Status change detected: stopped
14:43:56  [main] 	Deinitializing Modules
14:43:56  [main] 	Deinitializing Control Panel

14:46:21  [main] 	Initializing Control Panel
14:46:21  [main] 	Windows Version:  Enterprise  64-bit
14:46:21  [main] 	XAMPP Version: 7.4.2
14:46:21  [main] 	Control Panel Version: 3.2.4  [ Compiled: Jun 5th 2019 ]
14:46:21  [main] 	You are not running with administrator rights! This will work for
14:46:21  [main] 	most application stuff but whenever you do something with services
14:46:21  [main] 	there will be a security dialogue or things will break! So think 
14:46:21  [main] 	about running this application with administrator rights!
14:46:21  [main] 	XAMPP Installation Directory: "c:\xampp\"
14:46:21  [main] 	Checking for prerequisites
14:46:22  [main] 	All prerequisites found
14:46:22  [main] 	Initializing Modules
14:46:22  [main] 	Starting Check-Timer
14:46:22  [main] 	Control Panel Ready
14:46:25  [mysql] 	Attempting to start MySQL app...
14:46:25  [mysql] 	Status change detected: running
14:46:26  [Apache] 	Attempting to start Apache app...
14:46:26  [Apache] 	Status change detected: running
15:24:20  [mysql] 	Attempting to stop MySQL app...
15:24:20  [mysql] 	Status change detected: stopped
15:24:21  [Apache] 	Attempting to stop Apache (PID: 5800)
15:24:21  [Apache] 	Attempting to stop Apache (PID: 8020)
15:24:21  [Apache] 	Status change detected: stopped
16:02:02  [main] 	Deinitializing Modules
16:02:02  [main] 	Deinitializing Control Panel

14:45:44  [main] 	Initializing Control Panel
14:45:44  [main] 	Windows Version:  Enterprise  64-bit
14:45:44  [main] 	XAMPP Version: 7.4.2
14:45:44  [main] 	Control Panel Version: 3.2.4  [ Compiled: Jun 5th 2019 ]
14:45:44  [main] 	You are not running with administrator rights! This will work for
14:45:44  [main] 	most application stuff but whenever you do something with services
14:45:44  [main] 	there will be a security dialogue or things will break! So think 
14:45:44  [main] 	about running this application with administrator rights!
14:45:44  [main] 	XAMPP Installation Directory: "c:\xampp\"
14:45:44  [main] 	Checking for prerequisites
14:45:46  [main] 	All prerequisites found
14:45:46  [main] 	Initializing Modules
14:45:46  [main] 	Starting Check-Timer
14:45:46  [main] 	Control Panel Ready
14:46:26  [mysql] 	Attempting to start MySQL app...
14:46:26  [mysql] 	Status change detected: running
14:46:27  [Apache] 	Attempting to start Apache app...
14:46:27  [Apache] 	Status change detected: running
15:59:02  [mysql] 	Attempting to stop MySQL app...
15:59:02  [mysql] 	Status change detected: stopped
15:59:02  [Apache] 	Attempting to stop Apache (PID: 4908)
15:59:02  [Apache] 	Attempting to stop Apache (PID: 1948)
15:59:03  [Apache] 	Status change detected: stopped
19:28:56  [main] 	Deinitializing Modules
19:28:56  [main] 	Deinitializing Control Panel

11:13:54  [main] 	Initializing Control Panel
11:13:54  [main] 	Windows Version:  Enterprise  64-bit
11:13:54  [main] 	XAMPP Version: 7.4.2
11:13:54  [main] 	Control Panel Version: 3.2.4  [ Compiled: Jun 5th 2019 ]
11:13:54  [main] 	You are not running with administrator rights! This will work for
11:13:54  [main] 	most application stuff but whenever you do something with services
11:13:54  [main] 	there will be a security dialogue or things will break! So think 
11:13:54  [main] 	about running this application with administrator rights!
11:13:54  [main] 	XAMPP Installation Directory: "c:\xampp\"
11:13:54  [main] 	Checking for prerequisites
11:13:55  [main] 	All prerequisites found
11:13:55  [main] 	Initializing Modules
11:13:55  [main] 	Starting Check-Timer
11:13:55  [main] 	Control Panel Ready
11:14:00  [mysql] 	Attempting to start MySQL app...
11:14:00  [mysql] 	Status change detected: running
11:14:01  [Apache] 	Attempting to start Apache app...
11:14:01  [Apache] 	Status change detected: running
13:07:57  [filezilla] 	Attempting to start FileZilla app...
13:07:58  [filezilla] 	Status change detected: running
17:19:35  [Apache] 	Attempting to stop Apache (PID: 10896)
17:19:36  [Apache] 	Attempting to stop Apache (PID: 8284)
17:19:36  [Apache] 	Status change detected: stopped
17:19:36  [mysql] 	Attempting to stop MySQL app...
17:19:36  [mysql] 	Status change detected: stopped
17:19:38  [filezilla] 	Attempting to stop FileZilla app...
17:19:38  [filezilla] 	Status change detected: stopped
18:34:37  [main] 	Deinitializing Modules
18:34:37  [main] 	Deinitializing Control Panel

09:38:51  [main] 	Initializing Control Panel
09:38:51  [main] 	Windows Version:  Enterprise  64-bit
09:38:51  [main] 	XAMPP Version: 7.4.2
09:38:51  [main] 	Control Panel Version: 3.2.4  [ Compiled: Jun 5th 2019 ]
09:38:51  [main] 	You are not running with administrator rights! This will work for
09:38:51  [main] 	most application stuff but whenever you do something with services
09:38:51  [main] 	there will be a security dialogue or things will break! So think 
09:38:51  [main] 	about running this application with administrator rights!
09:38:51  [main] 	XAMPP Installation Directory: "c:\xampp\"
09:38:51  [main] 	Checking for prerequisites
09:38:52  [main] 	All prerequisites found
09:38:52  [main] 	Initializing Modules
09:38:52  [main] 	Starting Check-Timer
09:38:52  [main] 	Control Panel Ready
09:38:55  [mysql] 	Attempting to start MySQL app...
09:38:55  [mysql] 	Status change detected: running
09:38:56  [Apache] 	Attempting to start Apache app...
09:38:56  [Apache] 	Status change detected: running
09:39:27  [mysql] 	Attempting to stop MySQL app...
09:39:27  [mysql] 	Status change detected: stopped
09:39:27  [Apache] 	Attempting to stop Apache (PID: 1308)
09:39:27  [Apache] 	Attempting to stop Apache (PID: 5172)
09:39:27  [Apache] 	Status change detected: stopped
20:41:22  [main] 	Deinitializing Modules
20:41:22  [main] 	Deinitializing Control Panel

11:48:48  [main] 	Initializing Control Panel
11:48:48  [main] 	Windows Version:  Enterprise  64-bit
11:48:48  [main] 	XAMPP Version: 7.4.2
11:48:48  [main] 	Control Panel Version: 3.2.4  [ Compiled: Jun 5th 2019 ]
11:48:48  [main] 	You are not running with administrator rights! This will work for
11:48:48  [main] 	most application stuff but whenever you do something with services
11:48:48  [main] 	there will be a security dialogue or things will break! So think 
11:48:48  [main] 	about running this application with administrator rights!
11:48:48  [main] 	XAMPP Installation Directory: "c:\xampp\"
11:48:48  [main] 	Checking for prerequisites
11:48:49  [main] 	All prerequisites found
11:48:49  [main] 	Initializing Modules
11:48:49  [main] 	Starting Check-Timer
11:48:49  [main] 	Control Panel Ready
11:48:54  [mysql] 	Status change detected: running
11:48:55  [Apache] 	Status change detected: running
14:12:17  [mysql] 	Status change detected: stopped
14:12:17  [mysql] 	Error: MySQL shutdown unexpectedly.
14:12:17  [mysql] 	This may be due to a blocked port, missing dependencies, 
14:12:17  [mysql] 	improper privileges, a crash, or a shutdown by another method.
14:12:17  [mysql] 	Press the Logs button to view error logs and check
14:12:17  [mysql] 	the Windows Event Viewer for more clues
14:12:17  [mysql] 	If you need more help, copy and post this
14:12:17  [mysql] 	entire log window on the forums
14:12:17  [Apache] 	Status change detected: stopped
14:12:17  [Apache] 	Error: Apache shutdown unexpectedly.
14:12:17  [Apache] 	This may be due to a blocked port, missing dependencies, 
14:12:17  [Apache] 	improper privileges, a crash, or a shutdown by another method.
14:12:17  [Apache] 	Press the Logs button to view error logs and check
14:12:17  [Apache] 	the Windows Event Viewer for more clues
14:12:17  [Apache] 	If you need more help, copy and post this
14:12:17  [Apache] 	entire log window on the forums
20:42:29  [main] 	Deinitializing Modules
20:42:29  [main] 	Deinitializing Control Panel

